[2018-07-31 10:08:11 CST] <Thread-12>  INFO: Logging to file: C:\Users\Administrator\Desktop\luluba-user\unpackage\release\H5C51A64D_0731004305.ipa_1807311008.log
[2018-07-31 10:08:11 CST] <Thread-12>  INFO: Logging configured successfully.
[2018-07-31 10:08:12 CST] <Thread-12>  INFO: iTMSTransporter : iTunes Store Transporter [1.9.8]
[2018-07-31 10:08:12 CST] <Thread-12>  INFO: OS identifier: Windows 8.1 6.3 (amd64); jvm=25.171-b11; jre=1.8.0_171-b11
[2018-07-31 10:08:12 CST] <Thread-12>  INFO: Memory: [JVM] 114M free, 161M total, 1796M max [System] (Physical) 4539M free, 8076M total (Swap) 3323M free, 8076M total
[2018-07-31 10:08:12 CST] <Thread-12>  INFO: Upload mode selected.
[2018-07-31 10:08:12 CST] <Thread-12>  INFO: Examining the package at: C:\Users\ADMINI~1\AppData\Local\Temp\au\itmsp\1415485389.itmsp
[2018-07-31 10:08:12 CST] <Thread-12>  INFO: Ensuring that package has well formed metadata file...
[2018-07-31 10:08:12 CST] <Thread-12>  INFO: Gathering the list of valid files from the package ...
[2018-07-31 10:08:12 CST] <Thread-12>  INFO: Finished gathering the list of valid files from the package.
[2018-07-31 10:08:12 CST] <Thread-12>  INFO: Verify progress: Analyzing metadata (Step 2/?)
[2018-07-31 10:08:12 CST] <Thread-12>  INFO: Performing authentication of package 1415485389.itmsp ...
[2018-07-31 10:08:12 CST] <Thread-12>  INFO: Verify progress: Analyzing metadata (Step 3/2)
[2018-07-31 10:08:12 CST] <Thread-12>  INFO: id = 20180731100812-462
[2018-07-31 10:08:14 CST] <Thread-12>  INFO: id = 20180731100814-577
[2018-07-31 10:08:15 CST] <Thread-12> ERROR: ERROR ITMS-4238: "Redundant Binary Upload. You’ve already uploaded a build with build number '225' for version number '9.0'. Make sure you increment the build string before you upload your app to iTunes Connect. Learn more in Xcode Help (http://help.apple.com/xcode/mac/current/#/devba7f53ad4)" at SoftwareAssets/PreReleaseSoftwareAsset
[2018-07-31 10:08:15 CST] <Thread-12>  INFO: Verify progress: Operation failed (Step 2/2)



Package Summary:
 
1 package(s) were not uploaded because they had problems:
	C:\Users\ADMINI~1\AppData\Local\Temp\au\itmsp\1415485389.itmsp - Error Messages:
		ERROR ITMS-4238: "Redundant Binary Upload. You’ve already uploaded a build with build number '225' for version number '9.0'. Make sure you increment the build string before you upload your app to iTunes Connect. Learn more in Xcode Help (http://help.apple.com/xcode/mac/current/#/devba7f53ad4)" at SoftwareAssets/PreReleaseSoftwareAsset
[2018-07-31 10:09:41 CST] <Thread-5> Connect Appuploader Service Fail 
java.net.UnknownHostException: api.applicationloader.net
	at java.net.Inet6AddressImpl.lookupAllHostAddr(Native Method)
	at java.net.InetAddress$2.lookupAllHostAddr(InetAddress.java:928)
	at java.net.InetAddress.getAddressesFromNameService(InetAddress.java:1323)
	at java.net.InetAddress.getAllByName0(InetAddress.java:1276)
	at java.net.InetAddress.getAllByName(InetAddress.java:1192)
	at java.net.InetAddress.getAllByName(InetAddress.java:1126)
	at org.apache.http.impl.conn.SystemDefaultDnsResolver.resolve(SystemDefaultDnsResolver.java:45)
	at org.apache.http.impl.conn.DefaultHttpClientConnectionOperator.connect(DefaultHttpClientConnectionOperator.java:112)
	at org.apache.http.impl.conn.PoolingHttpClientConnectionManager.connect(PoolingHttpClientConnectionManager.java:359)
	at org.apache.http.impl.execchain.MainClientExec.establishRoute(MainClientExec.java:381)
	at org.apache.http.impl.execchain.MainClientExec.execute(MainClientExec.java:237)
	at org.apache.http.impl.execchain.ProtocolExec.execute(ProtocolExec.java:185)
	at org.apache.http.impl.execchain.RetryExec.execute(RetryExec.java:89)
	at org.apache.http.impl.execchain.RedirectExec.execute(RedirectExec.java:111)
	at org.apache.http.impl.client.InternalHttpClient.doExecute(InternalHttpClient.java:185)
	at org.apache.http.impl.client.CloseableHttpClient.execute(CloseableHttpClient.java:83)
	at org.apache.http.impl.client.CloseableHttpClient.execute(CloseableHttpClient.java:108)
	at net.appuploader.c.a.a(Unknown Source)
	at net.appuploader.c.a.a(Unknown Source)
	at net.appuploader.d.b.b(Unknown Source)
	at net.appuploader.b.run(Unknown Source)
