[2018-07-31 08:46:45 CST] <Thread-12>  INFO: Logging to file: C:\Users\Administrator\Desktop\luluba-user\unpackage\release\H5C51A64D_0731004305.ipa_1807310846.log
[2018-07-31 08:46:45 CST] <Thread-12>  INFO: Logging configured successfully.
[2018-07-31 08:46:45 CST] <Thread-12>  INFO: iTMSTransporter : iTunes Store Transporter [1.9.8]
[2018-07-31 08:46:45 CST] <Thread-12>  INFO: OS identifier: Windows 8.1 6.3 (amd64); jvm=25.171-b11; jre=1.8.0_171-b11
[2018-07-31 08:46:45 CST] <Thread-12>  INFO: Memory: [JVM] 167M free, 228M total, 1796M max [System] (Physical) 3875M free, 8076M total (Swap) 2512M free, 8076M total
[2018-07-31 08:46:45 CST] <Thread-12>  INFO: Upload mode selected.
[2018-07-31 08:46:45 CST] <Thread-12>  INFO: Examining the package at: C:\Users\ADMINI~1\AppData\Local\Temp\au\itmsp\1415485389.itmsp
[2018-07-31 08:46:45 CST] <Thread-12>  INFO: Ensuring that package has well formed metadata file...
[2018-07-31 08:46:45 CST] <Thread-12>  INFO: Gathering the list of valid files from the package ...
[2018-07-31 08:46:45 CST] <Thread-12>  INFO: Finished gathering the list of valid files from the package.
[2018-07-31 08:46:45 CST] <Thread-12>  INFO: Verify progress: Analyzing metadata (Step 2/?)
[2018-07-31 08:46:45 CST] <Thread-12>  INFO: Performing authentication of package 1415485389.itmsp ...
[2018-07-31 08:46:45 CST] <Thread-12>  INFO: Verify progress: Analyzing metadata (Step 3/2)
[2018-07-31 08:46:45 CST] <Thread-12>  INFO: id = 20180731084645-602
[2018-07-31 08:46:46 CST] <Thread-12>  INFO: id = 20180731084646-158
[2018-07-31 08:46:49 CST] <Thread-12>  INFO: The list of files requested for upload by Apple is: [metadata.xml, 1415485389.ipa].  These are the files that will be uploaded.
[2018-07-31 08:46:49 CST] <Thread-12>  INFO: Starting media analysis of assets
[2018-07-31 08:46:49 CST] <Thread-12>  INFO: Verify progress: Adding asset to analyze: 1415485389.ipa (Step 4/3)
[2018-07-31 08:46:49 CST] <Thread-12>  INFO: Asset media analysis has completed
[2018-07-31 08:46:49 CST] <Thread-12>  INFO: id = 20180731084649-388
[2018-07-31 08:47:01 CST] <Thread-12>  INFO: Verify progress: Validating assets (Step 5/3)
[2018-07-31 08:47:01 CST] <Thread-12>  INFO: Verify progress: Validating assets (Step 6/3)
[2018-07-31 08:47:01 CST] <Thread-12>  INFO: id = 20180731084701-816
[2018-07-31 08:47:11 CST] <Thread-12>  INFO: The list of files requested for upload by Apple is: [metadata.xml, 1415485389.ipa].  These are the files that will be uploaded.
[2018-07-31 08:47:11 CST] <Thread-12>  INFO: Done performing authentication.
[2018-07-31 08:47:11 CST] <Thread-12>  INFO: The asset replacement verification check is disabled.
[2018-07-31 08:47:11 CST] <Thread-12>  INFO: Checking the file size of the files: [1415485389.ipa]
[2018-07-31 08:47:11 CST] <Thread-12>  INFO: Done checking the file sizes.
[2018-07-31 08:47:11 CST] <Thread-12>  INFO: Checking the md5 checksum of the files: [1415485389.ipa]
[2018-07-31 08:47:11 CST] <Thread-12>  INFO: Done checking the md5 checksum.
[2018-07-31 08:47:11 CST] <Thread-12>  INFO: Preparing to upload package 1415485389.itmsp ...
[2018-07-31 08:47:11 CST] <Thread-12>  INFO: Starting to upload the package's files (1415485389.itmsp) ...
[2018-07-31 08:47:11 CST] <Thread-12>  INFO: Attempting to connect to Apple's webDAV...
[2018-07-31 08:47:13 CST] <Thread-12>  INFO: Successfully connected to Apple's webDAV.
[2018-07-31 08:47:13 CST] <Thread-12>  INFO: Attempting to create the package's folder on Apple's webDAV: /5/ZHB85H39RF/uploading/1415485389-20180730174710-598.itmsp/
[2018-07-31 08:47:13 CST] <Thread-12>  INFO: Successfully created/set the package's folder on Apple's webDAV.
[2018-07-31 08:47:13 CST] <Thread-12>  INFO: Determining which files should be uploaded ...
[2018-07-31 08:47:13 CST] <Thread-12>  INFO: Finished determining which files should be uploaded.
[2018-07-31 08:47:13 CST] <Thread-12>  INFO: Computing total size of files to upload ...
[2018-07-31 08:47:13 CST] <Thread-12>  INFO: Done computing total size of files to upload.
[2018-07-31 08:47:14 CST] <Thread-12>  INFO: Starting upload of file: C:\Users\ADMINI~1\AppData\Local\Temp\au\itmsp\1415485389.itmsp\1415485389.ipa ...
[2018-07-31 08:49:07 CST] <Thread-12>  INFO:      File: 1415485389.ipa 10485760/16574262, 63% completed
[2018-07-31 08:49:51 CST] <Thread-12>  INFO:      File: 1415485389.ipa 16574262/16574262, 100% completed
[2018-07-31 08:49:51 CST] <Thread-12>  INFO:   Successfully uploaded file: C:\Users\ADMINI~1\AppData\Local\Temp\au\itmsp\1415485389.itmsp\1415485389.ipa
[2018-07-31 08:49:51 CST] <Thread-12>  INFO: Package upload progress: 99% completed
[2018-07-31 08:49:51 CST] <Thread-12>  INFO: Finished upload of file: C:\Users\ADMINI~1\AppData\Local\Temp\au\itmsp\1415485389.itmsp\1415485389.ipa.
[2018-07-31 08:49:51 CST] <Thread-12>  INFO: Starting upload of file: C:\Users\ADMINI~1\AppData\Local\Temp\au\itmsp\1415485389.itmsp\metadata.xml ...
[2018-07-31 08:49:51 CST] <Thread-12>  INFO:      File: metadata.xml 520/520, 100% completed
[2018-07-31 08:49:51 CST] <Thread-12>  INFO:   Successfully uploaded file: C:\Users\ADMINI~1\AppData\Local\Temp\au\itmsp\1415485389.itmsp\metadata.xml
[2018-07-31 08:49:52 CST] <Thread-12>  INFO: Package upload progress: 100% completed
[2018-07-31 08:49:52 CST] <Thread-12>  INFO: Finished upload of file: C:\Users\ADMINI~1\AppData\Local\Temp\au\itmsp\1415485389.itmsp\metadata.xml.
[2018-07-31 08:49:52 CST] <Thread-12>  INFO: Gathering list of uploaded files from Apple's webDAV...
[2018-07-31 08:49:52 CST] <Thread-12>  INFO: Done gathering list of uploaded files from Apple's webDAV...
[2018-07-31 08:49:52 CST] <Thread-12>  INFO: Checking if any encryption/compression files are outdated locally ...
[2018-07-31 08:49:52 CST] <Thread-12>  INFO: Finished checking if any encryption/compression files are outdated locally.
[2018-07-31 08:49:52 CST] <Thread-12>  INFO: Confirming that the previously uploaded files were uploaded correctly ...
[2018-07-31 08:49:52 CST] <Thread-12>  INFO: Finished confirming that the previously uploaded files were uploaded correctly.
[2018-07-31 08:49:52 CST] <Thread-12>  INFO: Determining which files were not uploaded ...
[2018-07-31 08:49:52 CST] <Thread-12>  INFO: Finished determining which files were not uploaded.
[2018-07-31 08:49:52 CST] <Thread-12>  INFO: Done performing upload.
[2018-07-31 08:49:52 CST] <Thread-12>  INFO: id = 20180731084952-202
[2018-07-31 08:49:54 CST] <Thread-12>  INFO: Done performing uploadDone notification to Apple.
[2018-07-31 08:49:54 CST] <Thread-12>  INFO: The package: C:\Users\ADMINI~1\AppData\Local\Temp\au\itmsp\1415485389.itmsp has been successfully uploaded.
[2018-07-31 08:49:54 CST] <Thread-12>  INFO: Verify progress: Operation completed (Step 3/3)



Package Summary:
 
1 packages were uploaded successfully:
	C:\Users\ADMINI~1\AppData\Local\Temp\au\itmsp\1415485389.itmsp
[2018-07-31 08:52:12 CST] <Thread-15> Invalid cookie header: "Set-Cookie: dqsid=eyJ0eXAiOiJKV1QiLCJhbGciOiJIUzI1NiJ9.eyJqdGkiOiItVkpQdmFubVJJVlBKOTlDMnZlV3F3In0.2taz4e0BBL707kLQuCFXXzF4s5kavuHpSfqsEgx2W6s; Max-Age=1800; Expires=Tue, 31 Jul 2018 01:22:17 GMT; Path=/; Secure; HTTPOnly". Invalid 'expires' attribute: Tue, 31 Jul 2018 01:22:17 GMT
[2018-07-31 08:52:12 CST] <Thread-15> list apps success
