[2018-09-10 15:58:55 CST] <Thread-14>  INFO: Logging to file: C:\Users\Shinelon\Documents\HBuilderProject\luluba-user\unpackage\release\H5C51A64D_0910073518.ipa_1809101558.log
[2018-09-10 15:58:55 CST] <Thread-14>  INFO: Logging configured successfully.
[2018-09-10 15:58:55 CST] <Thread-14>  INFO: iTMSTransporter : iTunes Store Transporter [1.9.8]
[2018-09-10 15:58:55 CST] <Thread-14>  INFO: OS identifier: Windows 10 10.0 (amd64); jvm=25.171-b11; jre=1.8.0_171-b11
[2018-09-10 15:58:55 CST] <Thread-14>  INFO: Memory: [JVM] 198M free, 244M total, 1794M max [System] (Physical) 3657M free, 8069M total (Swap) 6994M free, 13957M total
[2018-09-10 15:58:55 CST] <Thread-14>  INFO: Upload mode selected.
[2018-09-10 15:58:55 CST] <Thread-14>  INFO: Examining the package at: C:\Users\Shinelon\AppData\Local\Temp\au\itmsp\1415485389.itmsp
[2018-09-10 15:58:55 CST] <Thread-14>  INFO: Ensuring that package has well formed metadata file...
[2018-09-10 15:58:55 CST] <Thread-14>  INFO: Gathering the list of valid files from the package ...
[2018-09-10 15:58:55 CST] <Thread-14>  INFO: Finished gathering the list of valid files from the package.
[2018-09-10 15:58:55 CST] <Thread-14>  INFO: Verify progress: Analyzing metadata (Step 3/?)
[2018-09-10 15:58:55 CST] <Thread-14>  INFO: Performing authentication of package 1415485389.itmsp ...
[2018-09-10 15:58:55 CST] <Thread-14>  INFO: Verify progress: Analyzing metadata (Step 4/2)
[2018-09-10 15:58:55 CST] <Thread-14>  INFO: id = 20180910155855-197
[2018-09-10 15:58:56 CST] <Thread-14>  INFO: id = 20180910155856-285
[2018-09-10 15:59:00 CST] <Thread-14>  INFO: The list of files requested for upload by Apple is: [metadata.xml, 1415485389.ipa].  These are the files that will be uploaded.
[2018-09-10 15:59:00 CST] <Thread-14>  INFO: Starting media analysis of assets
[2018-09-10 15:59:01 CST] <Thread-14>  INFO: Verify progress: Adding asset to analyze: 1415485389.ipa (Step 5/3)
[2018-09-10 15:59:01 CST] <Thread-14>  INFO: Asset media analysis has completed
[2018-09-10 15:59:01 CST] <Thread-14>  INFO: id = 20180910155901-982
[2018-09-10 15:59:13 CST] <Thread-14>  INFO: Verify progress: Validating assets (Step 6/3)
[2018-09-10 15:59:13 CST] <Thread-14>  INFO: Verify progress: Validating assets (Step 7/3)
[2018-09-10 15:59:13 CST] <Thread-14>  INFO: id = 20180910155913-035
[2018-09-10 15:59:26 CST] <Thread-14>  INFO: The list of files requested for upload by Apple is: [metadata.xml, 1415485389.ipa].  These are the files that will be uploaded.
[2018-09-10 15:59:26 CST] <Thread-14>  INFO: Done performing authentication.
[2018-09-10 15:59:26 CST] <Thread-14>  INFO: The asset replacement verification check is disabled.
[2018-09-10 15:59:26 CST] <Thread-14>  INFO: Checking the file size of the files: [1415485389.ipa]
[2018-09-10 15:59:26 CST] <Thread-14>  INFO: Done checking the file sizes.
[2018-09-10 15:59:26 CST] <Thread-14>  INFO: Checking the md5 checksum of the files: [1415485389.ipa]
[2018-09-10 15:59:26 CST] <Thread-14>  INFO: Done checking the md5 checksum.
[2018-09-10 15:59:26 CST] <Thread-14>  INFO: Preparing to upload package 1415485389.itmsp ...
[2018-09-10 15:59:26 CST] <Thread-14>  INFO: Starting to upload the package's files (1415485389.itmsp) ...
[2018-09-10 15:59:26 CST] <Thread-14>  INFO: Attempting to connect to Apple's webDAV...
[2018-09-10 15:59:28 CST] <Thread-14>  INFO: Successfully connected to Apple's webDAV.
[2018-09-10 15:59:28 CST] <Thread-14>  INFO: Attempting to create the package's folder on Apple's webDAV: /5/ZHB85H39RF/uploading/1415485389-20180910005921-367.itmsp/
[2018-09-10 15:59:28 CST] <Thread-14>  INFO: Successfully created/set the package's folder on Apple's webDAV.
[2018-09-10 15:59:28 CST] <Thread-14>  INFO: Determining which files should be uploaded ...
[2018-09-10 15:59:28 CST] <Thread-14>  INFO: Finished determining which files should be uploaded.
[2018-09-10 15:59:28 CST] <Thread-14>  INFO: Computing total size of files to upload ...
[2018-09-10 15:59:28 CST] <Thread-14>  INFO: Done computing total size of files to upload.
[2018-09-10 15:59:29 CST] <Thread-14>  INFO: Starting upload of file: C:\Users\Shinelon\AppData\Local\Temp\au\itmsp\1415485389.itmsp\1415485389.ipa ...
[2018-09-10 15:59:54 CST] <Thread-14>  INFO:      File: 1415485389.ipa 10485760/14168022, 74% completed
[2018-09-10 16:00:13 CST] <Thread-14>  INFO:      File: 1415485389.ipa 14168022/14168022, 100% completed
[2018-09-10 16:00:13 CST] <Thread-14>  INFO:   Successfully uploaded file: C:\Users\Shinelon\AppData\Local\Temp\au\itmsp\1415485389.itmsp\1415485389.ipa
[2018-09-10 16:00:14 CST] <Thread-14>  INFO: Package upload progress: 99% completed
[2018-09-10 16:00:14 CST] <Thread-14>  INFO: Finished upload of file: C:\Users\Shinelon\AppData\Local\Temp\au\itmsp\1415485389.itmsp\1415485389.ipa.
[2018-09-10 16:00:14 CST] <Thread-14>  INFO: Starting upload of file: C:\Users\Shinelon\AppData\Local\Temp\au\itmsp\1415485389.itmsp\metadata.xml ...
[2018-09-10 16:00:14 CST] <Thread-14>  INFO:      File: metadata.xml 521/521, 100% completed
[2018-09-10 16:00:14 CST] <Thread-14>  INFO:   Successfully uploaded file: C:\Users\Shinelon\AppData\Local\Temp\au\itmsp\1415485389.itmsp\metadata.xml
[2018-09-10 16:00:15 CST] <Thread-14>  INFO: Package upload progress: 100% completed
[2018-09-10 16:00:15 CST] <Thread-14>  INFO: Finished upload of file: C:\Users\Shinelon\AppData\Local\Temp\au\itmsp\1415485389.itmsp\metadata.xml.
[2018-09-10 16:00:15 CST] <Thread-14>  INFO: Gathering list of uploaded files from Apple's webDAV...
[2018-09-10 16:00:16 CST] <Thread-14>  INFO: Done gathering list of uploaded files from Apple's webDAV...
[2018-09-10 16:00:16 CST] <Thread-14>  INFO: Checking if any encryption/compression files are outdated locally ...
[2018-09-10 16:00:16 CST] <Thread-14>  INFO: Finished checking if any encryption/compression files are outdated locally.
[2018-09-10 16:00:16 CST] <Thread-14>  INFO: Confirming that the previously uploaded files were uploaded correctly ...
[2018-09-10 16:00:16 CST] <Thread-14>  INFO: Finished confirming that the previously uploaded files were uploaded correctly.
[2018-09-10 16:00:16 CST] <Thread-14>  INFO: Determining which files were not uploaded ...
[2018-09-10 16:00:16 CST] <Thread-14>  INFO: Finished determining which files were not uploaded.
[2018-09-10 16:00:16 CST] <Thread-14>  INFO: Done performing upload.
[2018-09-10 16:00:16 CST] <Thread-14>  INFO: id = 20180910160016-403
[2018-09-10 16:00:18 CST] <Thread-14>  INFO: Done performing uploadDone notification to Apple.
[2018-09-10 16:00:18 CST] <Thread-14>  INFO: The package: C:\Users\Shinelon\AppData\Local\Temp\au\itmsp\1415485389.itmsp has been successfully uploaded.
[2018-09-10 16:00:18 CST] <Thread-14>  INFO: Verify progress: Operation completed (Step 3/3)



Package Summary:
 
1 packages were uploaded successfully:
	C:\Users\Shinelon\AppData\Local\Temp\au\itmsp\1415485389.itmsp
