[2018-08-01 13:17:23 CST] <Thread-12>  INFO: Logging to file: C:\Users\Administrator\Desktop\luluba-user\unpackage\release\H5C51A64D_0801051611.ipa_1808011317.log
[2018-08-01 13:17:23 CST] <Thread-12>  INFO: Logging configured successfully.
[2018-08-01 13:17:24 CST] <Thread-12>  INFO: iTMSTransporter : iTunes Store Transporter [1.9.8]
[2018-08-01 13:17:24 CST] <Thread-12>  INFO: OS identifier: Windows 8.1 6.3 (amd64); jvm=25.171-b11; jre=1.8.0_171-b11
[2018-08-01 13:17:24 CST] <Thread-12>  INFO: Memory: [JVM] 98M free, 143M total, 1796M max [System] (Physical) 2931M free, 8076M total (Swap) 1576M free, 8076M total
[2018-08-01 13:17:24 CST] <Thread-12>  INFO: Upload mode selected.
[2018-08-01 13:17:24 CST] <Thread-12>  INFO: Examining the package at: C:\Users\ADMINI~1\AppData\Local\Temp\au\itmsp\1415485389.itmsp
[2018-08-01 13:17:24 CST] <Thread-12>  INFO: Ensuring that package has well formed metadata file...
[2018-08-01 13:17:24 CST] <Thread-12>  INFO: Gathering the list of valid files from the package ...
[2018-08-01 13:17:24 CST] <Thread-12>  INFO: Finished gathering the list of valid files from the package.
[2018-08-01 13:17:24 CST] <Thread-12>  INFO: Verify progress: Analyzing metadata (Step 2/?)
[2018-08-01 13:17:24 CST] <Thread-12>  INFO: Performing authentication of package 1415485389.itmsp ...
[2018-08-01 13:17:24 CST] <Thread-12>  INFO: Verify progress: Analyzing metadata (Step 3/2)
[2018-08-01 13:17:24 CST] <Thread-12>  INFO: id = 20180801131724-910
[2018-08-01 13:17:25 CST] <Thread-12>  INFO: id = 20180801131725-855
[2018-08-01 13:17:28 CST] <Thread-12>  INFO: The list of files requested for upload by Apple is: [metadata.xml, 1415485389.ipa].  These are the files that will be uploaded.
[2018-08-01 13:17:28 CST] <Thread-12>  INFO: Starting media analysis of assets
[2018-08-01 13:17:28 CST] <Thread-12>  INFO: Verify progress: Adding asset to analyze: 1415485389.ipa (Step 4/3)
[2018-08-01 13:17:28 CST] <Thread-12>  INFO: Asset media analysis has completed
[2018-08-01 13:17:28 CST] <Thread-12>  INFO: id = 20180801131728-600
[2018-08-01 13:17:36 CST] <Thread-12> ERROR: unable to verify WebDAV transport: itmsdav.apple.com
[2018-08-01 13:17:36 CST] <Thread-12>  INFO: Performing transport diagnostic test ...
[2018-08-01 13:17:36 CST] <Thread-12> ERROR: An error occurred while connecting to the transport host https://itmsdav.apple.com: itmsdav.apple.com
[2018-08-01 13:17:36 CST] <Thread-12>  INFO: Done performing transport diagnostic test.
[2018-08-01 13:17:36 CST] <Thread-12> ERROR: Could not start delivery: all transports failed diagnostics



Package Summary:
 
1 package(s) were not uploaded because they had problems:
	C:\Users\ADMINI~1\AppData\Local\Temp\au\itmsp\1415485389.itmsp - Error Messages:
		ERROR ITMS-4238: "Redundant Binary Upload. You’ve already uploaded a build with build number '225' for version number '9.0'. Make sure you increment the build string before you upload your app to iTunes Connect. Learn more in Xcode Help (http://help.apple.com/xcode/mac/current/#/devba7f53ad4)" at SoftwareAssets/PreReleaseSoftwareAsset
		unable to verify WebDAV transport: itmsdav.apple.com
		An error occurred while connecting to the transport host https://itmsdav.apple.com: itmsdav.apple.com
		Could not start delivery: all transports failed diagnostics
[2018-08-01 13:17:58 CST] <Thread-14> Invalid cookie header: "Set-Cookie: dqsid=eyJ0eXAiOiJKV1QiLCJhbGciOiJIUzI1NiJ9.eyJqdGkiOiJiamJnVk5vbnlQN1c5dHFXTUI4RWRnIn0.61KK-uxVmcyrCbQUJ7cmJJ0S8im008IF1nj9u96E92o; Max-Age=1800; Expires=Wed, 01 Aug 2018 05:48:03 GMT; Path=/; Secure; HTTPOnly". Invalid 'expires' attribute: Wed, 01 Aug 2018 05:48:03 GMT
[2018-08-01 13:17:58 CST] <Thread-14> list apps success
[2018-08-01 13:18:02 CST] <Thread-15>  INFO: Logging to file: C:\Users\Administrator\Desktop\luluba-user\unpackage\release\H5C51A64D_0801051611.ipa_1808011317.log
[2018-08-01 13:18:02 CST] <Thread-15>  INFO: Logging configured successfully.
[2018-08-01 13:18:02 CST] <Thread-15>  INFO: iTMSTransporter : iTunes Store Transporter [1.9.8]
[2018-08-01 13:18:02 CST] <Thread-15>  INFO: OS identifier: Windows 8.1 6.3 (amd64); jvm=25.171-b11; jre=1.8.0_171-b11
[2018-08-01 13:18:02 CST] <Thread-15>  INFO: Memory: [JVM] 82M free, 145M total, 1796M max [System] (Physical) 2953M free, 8076M total (Swap) 1630M free, 8076M total
[2018-08-01 13:18:02 CST] <Thread-15>  INFO: Upload mode selected.
[2018-08-01 13:18:02 CST] <Thread-15>  INFO: Examining the package at: C:\Users\ADMINI~1\AppData\Local\Temp\au\itmsp\1415485389.itmsp
[2018-08-01 13:18:02 CST] <Thread-15>  INFO: Ensuring that package has well formed metadata file...
[2018-08-01 13:18:02 CST] <Thread-15>  INFO: Gathering the list of valid files from the package ...
[2018-08-01 13:18:02 CST] <Thread-15>  INFO: Finished gathering the list of valid files from the package.
[2018-08-01 13:18:02 CST] <Thread-15>  INFO: Verify progress: Analyzing metadata (Step 4/?)
[2018-08-01 13:18:02 CST] <Thread-15>  INFO: Performing authentication of package 1415485389.itmsp ...
[2018-08-01 13:18:02 CST] <Thread-15>  INFO: Verify progress: Analyzing metadata (Step 5/2)
[2018-08-01 13:18:02 CST] <Thread-15>  INFO: id = 20180801131802-924
[2018-08-01 13:18:04 CST] <Thread-15>  INFO: id = 20180801131804-967
[2018-08-01 13:18:05 CST] <Thread-15>  INFO: The list of files requested for upload by Apple is: [metadata.xml, 1415485389.ipa].  These are the files that will be uploaded.
[2018-08-01 13:18:05 CST] <Thread-15>  INFO: Starting media analysis of assets
[2018-08-01 13:18:05 CST] <Thread-15>  INFO: Verify progress: Adding asset to analyze: 1415485389.ipa (Step 6/3)
[2018-08-01 13:18:05 CST] <Thread-15>  INFO: Asset media analysis has completed
[2018-08-01 13:18:05 CST] <Thread-15>  INFO: id = 20180801131805-120
[2018-08-01 13:18:14 CST] <Thread-15>  INFO: Verify progress: Validating assets (Step 7/3)
[2018-08-01 13:18:14 CST] <Thread-15>  INFO: Verify progress: Validating assets (Step 8/3)
[2018-08-01 13:18:14 CST] <Thread-15>  INFO: id = 20180801131814-715
[2018-08-01 13:18:27 CST] <Thread-15>  INFO: The list of files requested for upload by Apple is: [metadata.xml, 1415485389.ipa].  These are the files that will be uploaded.
[2018-08-01 13:18:27 CST] <Thread-15>  INFO: Done performing authentication.
[2018-08-01 13:18:27 CST] <Thread-15>  INFO: The asset replacement verification check is disabled.
[2018-08-01 13:18:27 CST] <Thread-15>  INFO: Checking the file size of the files: [1415485389.ipa]
[2018-08-01 13:18:27 CST] <Thread-15>  INFO: Done checking the file sizes.
[2018-08-01 13:18:27 CST] <Thread-15>  INFO: Checking the md5 checksum of the files: [1415485389.ipa]
[2018-08-01 13:18:27 CST] <Thread-15>  INFO: Done checking the md5 checksum.
[2018-08-01 13:18:27 CST] <Thread-15>  INFO: Preparing to upload package 1415485389.itmsp ...
[2018-08-01 13:18:27 CST] <Thread-15>  INFO: Starting to upload the package's files (1415485389.itmsp) ...
[2018-08-01 13:18:27 CST] <Thread-15>  INFO: Attempting to connect to Apple's webDAV...
[2018-08-01 13:18:28 CST] <Thread-15>  INFO: Successfully connected to Apple's webDAV.
[2018-08-01 13:18:28 CST] <Thread-15>  INFO: Attempting to create the package's folder on Apple's webDAV: /6/ZHB85H39RF/uploading/1415485389-20180731221820-870.itmsp/
[2018-08-01 13:18:29 CST] <Thread-15>  INFO: Successfully created/set the package's folder on Apple's webDAV.
[2018-08-01 13:18:29 CST] <Thread-15>  INFO: Determining which files should be uploaded ...
[2018-08-01 13:18:29 CST] <Thread-15>  INFO: Finished determining which files should be uploaded.
[2018-08-01 13:18:29 CST] <Thread-15>  INFO: Computing total size of files to upload ...
[2018-08-01 13:18:29 CST] <Thread-15>  INFO: Done computing total size of files to upload.
[2018-08-01 13:18:29 CST] <Thread-15>  INFO: Starting upload of file: C:\Users\ADMINI~1\AppData\Local\Temp\au\itmsp\1415485389.itmsp\1415485389.ipa ...
[2018-08-01 13:18:54 CST] <Thread-15>  INFO:      File: 1415485389.ipa 10485760/16579417, 63% completed
[2018-08-01 13:19:07 CST] <Thread-15>  INFO:      File: 1415485389.ipa 16579417/16579417, 100% completed
[2018-08-01 13:19:07 CST] <Thread-15>  INFO:   Successfully uploaded file: C:\Users\ADMINI~1\AppData\Local\Temp\au\itmsp\1415485389.itmsp\1415485389.ipa
[2018-08-01 13:19:07 CST] <Thread-15>  INFO: Package upload progress: 99% completed
[2018-08-01 13:19:07 CST] <Thread-15>  INFO: Finished upload of file: C:\Users\ADMINI~1\AppData\Local\Temp\au\itmsp\1415485389.itmsp\1415485389.ipa.
[2018-08-01 13:19:07 CST] <Thread-15>  INFO: Starting upload of file: C:\Users\ADMINI~1\AppData\Local\Temp\au\itmsp\1415485389.itmsp\metadata.xml ...
[2018-08-01 13:19:07 CST] <Thread-15>  INFO:      File: metadata.xml 520/520, 100% completed
[2018-08-01 13:19:07 CST] <Thread-15>  INFO:   Successfully uploaded file: C:\Users\ADMINI~1\AppData\Local\Temp\au\itmsp\1415485389.itmsp\metadata.xml
[2018-08-01 13:19:08 CST] <Thread-15>  INFO: Package upload progress: 100% completed
[2018-08-01 13:19:08 CST] <Thread-15>  INFO: Finished upload of file: C:\Users\ADMINI~1\AppData\Local\Temp\au\itmsp\1415485389.itmsp\metadata.xml.
[2018-08-01 13:19:08 CST] <Thread-15>  INFO: Gathering list of uploaded files from Apple's webDAV...
[2018-08-01 13:19:08 CST] <Thread-15>  INFO: Done gathering list of uploaded files from Apple's webDAV...
[2018-08-01 13:19:08 CST] <Thread-15>  INFO: Checking if any encryption/compression files are outdated locally ...
[2018-08-01 13:19:08 CST] <Thread-15>  INFO: Finished checking if any encryption/compression files are outdated locally.
[2018-08-01 13:19:08 CST] <Thread-15>  INFO: Confirming that the previously uploaded files were uploaded correctly ...
[2018-08-01 13:19:08 CST] <Thread-15>  INFO: Finished confirming that the previously uploaded files were uploaded correctly.
[2018-08-01 13:19:08 CST] <Thread-15>  INFO: Determining which files were not uploaded ...
[2018-08-01 13:19:08 CST] <Thread-15>  INFO: Finished determining which files were not uploaded.
[2018-08-01 13:19:08 CST] <Thread-15>  INFO: Done performing upload.
[2018-08-01 13:19:08 CST] <Thread-15>  INFO: id = 20180801131908-033
[2018-08-01 13:19:09 CST] <Thread-15>  INFO: Done performing uploadDone notification to Apple.
[2018-08-01 13:19:09 CST] <Thread-15>  INFO: The package: C:\Users\ADMINI~1\AppData\Local\Temp\au\itmsp\1415485389.itmsp has been successfully uploaded.
[2018-08-01 13:19:09 CST] <Thread-15>  INFO: Verify progress: Operation completed (Step 3/3)



Package Summary:
 
1 packages were uploaded successfully:
	C:\Users\ADMINI~1\AppData\Local\Temp\au\itmsp\1415485389.itmsp
