[2018-07-31 08:44:52 CST] <Thread-9>  INFO: Logging to file: C:\Users\Administrator\Desktop\luluba-user\unpackage\release\H5C51A64D_0731004305.ipa_1807310844.log
[2018-07-31 08:44:52 CST] <Thread-9>  INFO: Logging configured successfully.
[2018-07-31 08:44:54 CST] <Thread-9>  INFO: iTMSTransporter : iTunes Store Transporter [1.9.8]
[2018-07-31 08:44:54 CST] <Thread-9>  INFO: OS identifier: Windows 8.1 6.3 (amd64); jvm=25.171-b11; jre=1.8.0_171-b11
[2018-07-31 08:44:54 CST] <Thread-9>  INFO: Memory: [JVM] 64M free, 123M total, 1796M max [System] (Physical) 3961M free, 8076M total (Swap) 2618M free, 8076M total
[2018-07-31 08:44:54 CST] <Thread-9>  INFO: Upload mode selected.
[2018-07-31 08:44:54 CST] <Thread-9>  INFO: Examining the package at: C:\Users\ADMINI~1\AppData\Local\Temp\au\itmsp\1415485389.itmsp
[2018-07-31 08:44:54 CST] <Thread-9>  INFO: Ensuring that package has well formed metadata file...
[2018-07-31 08:44:54 CST] <Thread-9>  INFO: Gathering the list of valid files from the package ...
[2018-07-31 08:44:54 CST] <Thread-9>  INFO: Finished gathering the list of valid files from the package.
[2018-07-31 08:44:54 CST] <Thread-9>  INFO: Verify progress: Analyzing metadata (Step 0/?)
[2018-07-31 08:44:54 CST] <Thread-9>  INFO: Performing authentication of package 1415485389.itmsp ...
[2018-07-31 08:44:54 CST] <Thread-9>  INFO: Verify progress: Analyzing metadata (Step 1/2)
[2018-07-31 08:44:54 CST] <Thread-9>  INFO: id = 20180731084454-322
[2018-07-31 08:44:55 CST] <Thread-9>  INFO: id = 20180731084455-710
[2018-07-31 08:44:58 CST] <Thread-9>  INFO: The list of files requested for upload by Apple is: [metadata.xml, 1415485389.ipa].  These are the files that will be uploaded.
[2018-07-31 08:44:58 CST] <Thread-9>  INFO: Starting media analysis of assets
[2018-07-31 08:44:58 CST] <Thread-9>  INFO: Verify progress: Adding asset to analyze: 1415485389.ipa (Step 2/3)
[2018-07-31 08:44:58 CST] <Thread-9>  INFO: Asset media analysis has completed
[2018-07-31 08:44:58 CST] <Thread-9>  INFO: id = 20180731084458-913
[2018-07-31 08:45:08 CST] <Thread-9> ERROR: unable to verify WebDAV transport: itmsdav.apple.com
[2018-07-31 08:45:08 CST] <Thread-9>  INFO: Performing transport diagnostic test ...
[2018-07-31 08:45:08 CST] <Thread-9> ERROR: An error occurred while connecting to the transport host https://itmsdav.apple.com: itmsdav.apple.com
[2018-07-31 08:45:08 CST] <Thread-9>  INFO: Done performing transport diagnostic test.
[2018-07-31 08:45:08 CST] <Thread-9> ERROR: Could not start delivery: all transports failed diagnostics



Package Summary:
 
1 package(s) were not uploaded because they had problems:
	C:\Users\ADMINI~1\AppData\Local\Temp\au\itmsp\1415485389.itmsp - Error Messages:
		unable to verify WebDAV transport: itmsdav.apple.com
		An error occurred while connecting to the transport host https://itmsdav.apple.com: itmsdav.apple.com
		Could not start delivery: all transports failed diagnostics
[2018-07-31 08:46:43 CST] <Thread-11> Invalid cookie header: "Set-Cookie: dqsid=eyJ0eXAiOiJKV1QiLCJhbGciOiJIUzI1NiJ9.eyJqdGkiOiJGdGx2THVGZEd1NmtkQ2dNSVY4blhRIn0.EkLgkK1q-_Hwc3wm1bgBezatkRcWpAnyPTks3RX7QD8; Max-Age=1800; Expires=Tue, 31 Jul 2018 01:16:48 GMT; Path=/; Secure; HTTPOnly". Invalid 'expires' attribute: Tue, 31 Jul 2018 01:16:48 GMT
[2018-07-31 08:46:43 CST] <Thread-11> list apps success
